06-Mar-2024 20:09:43.861 INFO [main] org.apache.catalina.startup.VersionLoggerListener.log Server version name:   Apache Tomcat/10.1.19
06-Mar-2024 20:09:43.875 INFO [main] org.apache.catalina.startup.VersionLoggerListener.log Server built:          Feb 14 2024 19:36:50 UTC
06-Mar-2024 20:09:43.876 INFO [main] org.apache.catalina.startup.VersionLoggerListener.log Server version number: 10.1.19.0
06-Mar-2024 20:09:43.876 INFO [main] org.apache.catalina.startup.VersionLoggerListener.log OS Name:               Windows 11
06-Mar-2024 20:09:43.876 INFO [main] org.apache.catalina.startup.VersionLoggerListener.log OS Version:            10.0
06-Mar-2024 20:09:43.877 INFO [main] org.apache.catalina.startup.VersionLoggerListener.log Architecture:          amd64
06-Mar-2024 20:09:43.877 INFO [main] org.apache.catalina.startup.VersionLoggerListener.log Java Home:             C:\Program Files\Java\jdk-17.0.2
06-Mar-2024 20:09:43.877 INFO [main] org.apache.catalina.startup.VersionLoggerListener.log JVM Version:           17.0.2+8-LTS-86
06-Mar-2024 20:09:43.877 INFO [main] org.apache.catalina.startup.VersionLoggerListener.log JVM Vendor:            Oracle Corporation
06-Mar-2024 20:09:43.877 INFO [main] org.apache.catalina.startup.VersionLoggerListener.log CATALINA_BASE:         D:\myWebProject\tomcat
06-Mar-2024 20:09:43.878 INFO [main] org.apache.catalina.startup.VersionLoggerListener.log CATALINA_HOME:         D:\myWebProject\tomcat
06-Mar-2024 20:09:43.911 INFO [main] org.apache.catalina.startup.VersionLoggerListener.log Command line argument: -Djava.util.logging.config.file=D:\myWebProject\tomcat\conf\logging.properties
06-Mar-2024 20:09:43.911 INFO [main] org.apache.catalina.startup.VersionLoggerListener.log Command line argument: -Djava.util.logging.manager=org.apache.juli.ClassLoaderLogManager
06-Mar-2024 20:09:43.911 INFO [main] org.apache.catalina.startup.VersionLoggerListener.log Command line argument: -Djdk.tls.ephemeralDHKeySize=2048
06-Mar-2024 20:09:43.911 INFO [main] org.apache.catalina.startup.VersionLoggerListener.log Command line argument: -Djava.protocol.handler.pkgs=org.apache.catalina.webresources
06-Mar-2024 20:09:43.911 INFO [main] org.apache.catalina.startup.VersionLoggerListener.log Command line argument: --add-opens=java.base/java.lang=ALL-UNNAMED
06-Mar-2024 20:09:43.911 INFO [main] org.apache.catalina.startup.VersionLoggerListener.log Command line argument: --add-opens=java.base/java.io=ALL-UNNAMED
06-Mar-2024 20:09:43.911 INFO [main] org.apache.catalina.startup.VersionLoggerListener.log Command line argument: --add-opens=java.base/java.util=ALL-UNNAMED
06-Mar-2024 20:09:43.911 INFO [main] org.apache.catalina.startup.VersionLoggerListener.log Command line argument: --add-opens=java.base/java.util.concurrent=ALL-UNNAMED
06-Mar-2024 20:09:43.911 INFO [main] org.apache.catalina.startup.VersionLoggerListener.log Command line argument: --add-opens=java.rmi/sun.rmi.transport=ALL-UNNAMED
06-Mar-2024 20:09:43.911 INFO [main] org.apache.catalina.startup.VersionLoggerListener.log Command line argument: -Dcatalina.base=D:\myWebProject\tomcat
06-Mar-2024 20:09:43.911 INFO [main] org.apache.catalina.startup.VersionLoggerListener.log Command line argument: -Dcatalina.home=D:\myWebProject\tomcat
06-Mar-2024 20:09:43.911 INFO [main] org.apache.catalina.startup.VersionLoggerListener.log Command line argument: -Djava.io.tmpdir=D:\myWebProject\tomcat\temp
06-Mar-2024 20:09:43.931 INFO [main] org.apache.catalina.core.AprLifecycleListener.lifecycleEvent The Apache Tomcat Native library which allows using OpenSSL was not found on the java.library.path: [C:\Program Files\Java\jdk-17.0.2\bin;C:\WINDOWS\Sun\Java\bin;C:\WINDOWS\system32;C:\WINDOWS;C:\Users\ASUS\Anaconda3;C:\Users\ASUS\Anaconda3\Library\mingw-w64\bin;C:\Users\ASUS\Anaconda3\Library\usr\bin;C:\Users\ASUS\Anaconda3\Library\bin;C:\Users\ASUS\Anaconda3\Scripts;C:\Users\ASUS\Anaconda3\bin;C:\Users\ASUS\Anaconda3\condabin;C:\Program Files\Common Files\Oracle\Java\javapath;C:\Python39\Scripts;C:\Python39;C:\WINDOWS\system32;C:\WINDOWS;C:\WINDOWS\System32\Wbem;C:\WINDOWS\System32\WindowsPowerShell\v1.0;C:\WINDOWS\System32\OpenSSH;C:\Program Files\Intel\WiFi\bin;C:\Program Files\Common Files\Intel\WirelessCommon;C:\Program Files\dotnet;C:\Program Files\Git\cmd;C:\ProgramData\chocolatey\bin;C:\Program Files\nodejs;D:\PuTTY;D:\MATLAB2019\runtime\win64;D:\MATLAB2019\bin;C:\Program Files\Cloudflare\Cloudflare WARP;C:\Users\ASUS\AppData\Local\Programs\Python\Python310\Scripts;C:\Users\ASUS\AppData\Local\Programs\Python\Python310;C:\Users\ASUS\AppData\Local\Microsoft\WindowsApps;C:\Users\ASUS\AppData\Local\Programs\Microsoft VS Code\bin;C:\Users\ASUS\AppData\Local\GitHubDesktop\bin;C:\Users\ASUS\AppData\Roaming\npm;C:\src\flutter\bin;C:\Users\ASUS\Anaconda3;C:\Users\ASUS\Anaconda3\Scripts;C:\Program Files\InfluxData\telegraf;C:\Program Files\InfluxData\influx;C:\MinGW\bin;C:\Users\ASUS\AppData\Local\Pub\Cache\bin;.;.]
06-Mar-2024 20:09:44.363 INFO [main] org.apache.coyote.AbstractProtocol.init Initializing ProtocolHandler ["http-nio-9999"]
06-Mar-2024 20:09:44.420 INFO [main] org.apache.catalina.startup.Catalina.load Server initialization in [883] milliseconds
06-Mar-2024 20:09:44.512 INFO [main] org.apache.catalina.core.StandardService.startInternal Starting service [Catalina]
06-Mar-2024 20:09:44.512 INFO [main] org.apache.catalina.core.StandardEngine.startInternal Starting Servlet engine: [Apache Tomcat/10.1.19]
06-Mar-2024 20:09:44.532 INFO [main] org.apache.catalina.startup.HostConfig.deployDirectory Deploying web application directory [D:\myWebProject\tomcat\webapps\docs]
06-Mar-2024 20:09:45.924 INFO [main] org.apache.jasper.servlet.TldScanner.scanJars At least one JAR was scanned for TLDs yet contained no TLDs. Enable debug logging for this logger for a complete list of JARs that were scanned but no TLDs were found in them. Skipping unneeded JARs during scanning can improve startup time and JSP compilation time.
06-Mar-2024 20:09:46.067 WARNING [main] org.apache.catalina.util.SessionIdGeneratorBase.createSecureRandom Creation of SecureRandom instance for session ID generation using [SHA1PRNG] took [103] milliseconds.
06-Mar-2024 20:09:46.117 INFO [main] org.apache.catalina.startup.HostConfig.deployDirectory Deployment of web application directory [D:\myWebProject\tomcat\webapps\docs] has finished in [1,585] ms
06-Mar-2024 20:09:46.117 INFO [main] org.apache.catalina.startup.HostConfig.deployDirectory Deploying web application directory [D:\myWebProject\tomcat\webapps\examples]
06-Mar-2024 20:09:47.375 INFO [main] org.apache.jasper.servlet.TldScanner.scanJars At least one JAR was scanned for TLDs yet contained no TLDs. Enable debug logging for this logger for a complete list of JARs that were scanned but no TLDs were found in them. Skipping unneeded JARs during scanning can improve startup time and JSP compilation time.
06-Mar-2024 20:09:47.456 INFO [main] org.apache.catalina.startup.HostConfig.deployDirectory Deployment of web application directory [D:\myWebProject\tomcat\webapps\examples] has finished in [1,339] ms
06-Mar-2024 20:09:47.456 INFO [main] org.apache.catalina.startup.HostConfig.deployDirectory Deploying web application directory [D:\myWebProject\tomcat\webapps\host-manager]
06-Mar-2024 20:09:48.003 INFO [main] org.apache.jasper.servlet.TldScanner.scanJars At least one JAR was scanned for TLDs yet contained no TLDs. Enable debug logging for this logger for a complete list of JARs that were scanned but no TLDs were found in them. Skipping unneeded JARs during scanning can improve startup time and JSP compilation time.
06-Mar-2024 20:09:48.023 INFO [main] org.apache.catalina.startup.HostConfig.deployDirectory Deployment of web application directory [D:\myWebProject\tomcat\webapps\host-manager] has finished in [567] ms
06-Mar-2024 20:09:48.023 INFO [main] org.apache.catalina.startup.HostConfig.deployDirectory Deploying web application directory [D:\myWebProject\tomcat\webapps\manager]
06-Mar-2024 20:09:48.582 INFO [main] org.apache.jasper.servlet.TldScanner.scanJars At least one JAR was scanned for TLDs yet contained no TLDs. Enable debug logging for this logger for a complete list of JARs that were scanned but no TLDs were found in them. Skipping unneeded JARs during scanning can improve startup time and JSP compilation time.
06-Mar-2024 20:09:48.593 INFO [main] org.apache.catalina.startup.HostConfig.deployDirectory Deployment of web application directory [D:\myWebProject\tomcat\webapps\manager] has finished in [570] ms
06-Mar-2024 20:09:48.593 INFO [main] org.apache.catalina.startup.HostConfig.deployDirectory Deploying web application directory [D:\myWebProject\tomcat\webapps\ROOT]
06-Mar-2024 20:09:49.061 INFO [main] org.apache.jasper.servlet.TldScanner.scanJars At least one JAR was scanned for TLDs yet contained no TLDs. Enable debug logging for this logger for a complete list of JARs that were scanned but no TLDs were found in them. Skipping unneeded JARs during scanning can improve startup time and JSP compilation time.
06-Mar-2024 20:09:49.061 INFO [main] org.apache.catalina.startup.HostConfig.deployDirectory Deployment of web application directory [D:\myWebProject\tomcat\webapps\ROOT] has finished in [468] ms
06-Mar-2024 20:09:49.071 INFO [main] org.apache.catalina.startup.HostConfig.deployDirectory Deploying web application directory [D:\myWebProject\tomcat\webapps\solely]
06-Mar-2024 20:09:49.537 INFO [main] org.apache.jasper.servlet.TldScanner.scanJars At least one JAR was scanned for TLDs yet contained no TLDs. Enable debug logging for this logger for a complete list of JARs that were scanned but no TLDs were found in them. Skipping unneeded JARs during scanning can improve startup time and JSP compilation time.
06-Mar-2024 20:09:49.557 INFO [main] org.apache.catalina.startup.HostConfig.deployDirectory Deployment of web application directory [D:\myWebProject\tomcat\webapps\solely] has finished in [486] ms
06-Mar-2024 20:09:49.557 INFO [main] org.apache.coyote.AbstractProtocol.start Starting ProtocolHandler ["http-nio-9999"]
06-Mar-2024 20:09:49.660 INFO [main] org.apache.catalina.startup.Catalina.start Server startup in [5233] milliseconds
06-Mar-2024 21:23:26.697 INFO [main] org.apache.catalina.core.StandardServer.await A valid shutdown command was received via the shutdown port. Stopping the Server instance.
06-Mar-2024 21:23:26.703 INFO [main] org.apache.coyote.AbstractProtocol.pause Pausing ProtocolHandler ["http-nio-9999"]
06-Mar-2024 21:23:26.734 INFO [main] org.apache.catalina.core.StandardService.stopInternal Stopping service [Catalina]
06-Mar-2024 21:23:26.818 INFO [main] org.apache.coyote.AbstractProtocol.stop Stopping ProtocolHandler ["http-nio-9999"]
06-Mar-2024 21:23:26.833 INFO [main] org.apache.coyote.AbstractProtocol.destroy Destroying ProtocolHandler ["http-nio-9999"]
06-Mar-2024 21:23:32.846 INFO [main] org.apache.catalina.startup.VersionLoggerListener.log Server version name:   Apache Tomcat/10.1.19
06-Mar-2024 21:23:32.858 INFO [main] org.apache.catalina.startup.VersionLoggerListener.log Server built:          Feb 14 2024 19:36:50 UTC
06-Mar-2024 21:23:32.858 INFO [main] org.apache.catalina.startup.VersionLoggerListener.log Server version number: 10.1.19.0
06-Mar-2024 21:23:32.859 INFO [main] org.apache.catalina.startup.VersionLoggerListener.log OS Name:               Windows 11
06-Mar-2024 21:23:32.860 INFO [main] org.apache.catalina.startup.VersionLoggerListener.log OS Version:            10.0
06-Mar-2024 21:23:32.860 INFO [main] org.apache.catalina.startup.VersionLoggerListener.log Architecture:          amd64
06-Mar-2024 21:23:32.860 INFO [main] org.apache.catalina.startup.VersionLoggerListener.log Java Home:             C:\Program Files\Java\jdk-17.0.2
06-Mar-2024 21:23:32.860 INFO [main] org.apache.catalina.startup.VersionLoggerListener.log JVM Version:           17.0.2+8-LTS-86
06-Mar-2024 21:23:32.860 INFO [main] org.apache.catalina.startup.VersionLoggerListener.log JVM Vendor:            Oracle Corporation
06-Mar-2024 21:23:32.860 INFO [main] org.apache.catalina.startup.VersionLoggerListener.log CATALINA_BASE:         D:\myWebProject\tomcat
06-Mar-2024 21:23:32.860 INFO [main] org.apache.catalina.startup.VersionLoggerListener.log CATALINA_HOME:         D:\myWebProject\tomcat
06-Mar-2024 21:23:32.889 INFO [main] org.apache.catalina.startup.VersionLoggerListener.log Command line argument: -Djava.util.logging.config.file=D:\myWebProject\tomcat\conf\logging.properties
06-Mar-2024 21:23:32.889 INFO [main] org.apache.catalina.startup.VersionLoggerListener.log Command line argument: -Djava.util.logging.manager=org.apache.juli.ClassLoaderLogManager
06-Mar-2024 21:23:32.889 INFO [main] org.apache.catalina.startup.VersionLoggerListener.log Command line argument: -Djdk.tls.ephemeralDHKeySize=2048
06-Mar-2024 21:23:32.889 INFO [main] org.apache.catalina.startup.VersionLoggerListener.log Command line argument: -Djava.protocol.handler.pkgs=org.apache.catalina.webresources
06-Mar-2024 21:23:32.889 INFO [main] org.apache.catalina.startup.VersionLoggerListener.log Command line argument: --add-opens=java.base/java.lang=ALL-UNNAMED
06-Mar-2024 21:23:32.889 INFO [main] org.apache.catalina.startup.VersionLoggerListener.log Command line argument: --add-opens=java.base/java.io=ALL-UNNAMED
06-Mar-2024 21:23:32.889 INFO [main] org.apache.catalina.startup.VersionLoggerListener.log Command line argument: --add-opens=java.base/java.util=ALL-UNNAMED
06-Mar-2024 21:23:32.889 INFO [main] org.apache.catalina.startup.VersionLoggerListener.log Command line argument: --add-opens=java.base/java.util.concurrent=ALL-UNNAMED
06-Mar-2024 21:23:32.889 INFO [main] org.apache.catalina.startup.VersionLoggerListener.log Command line argument: --add-opens=java.rmi/sun.rmi.transport=ALL-UNNAMED
06-Mar-2024 21:23:32.889 INFO [main] org.apache.catalina.startup.VersionLoggerListener.log Command line argument: -Dcatalina.base=D:\myWebProject\tomcat
06-Mar-2024 21:23:32.889 INFO [main] org.apache.catalina.startup.VersionLoggerListener.log Command line argument: -Dcatalina.home=D:\myWebProject\tomcat
06-Mar-2024 21:23:32.889 INFO [main] org.apache.catalina.startup.VersionLoggerListener.log Command line argument: -Djava.io.tmpdir=D:\myWebProject\tomcat\temp
06-Mar-2024 21:23:32.915 INFO [main] org.apache.catalina.core.AprLifecycleListener.lifecycleEvent The Apache Tomcat Native library which allows using OpenSSL was not found on the java.library.path: [C:\Program Files\Java\jdk-17.0.2\bin;C:\WINDOWS\Sun\Java\bin;C:\WINDOWS\system32;C:\WINDOWS;C:\Program Files\Common Files\Oracle\Java\javapath;C:\Python39\Scripts\;C:\Python39\;C:\WINDOWS\system32;C:\WINDOWS;C:\WINDOWS\System32\Wbem;C:\WINDOWS\System32\WindowsPowerShell\v1.0\;C:\WINDOWS\System32\OpenSSH\;C:\Program Files\Intel\WiFi\bin\;C:\Program Files\Common Files\Intel\WirelessCommon\;C:\Program Files\dotnet\;C:\Program Files\Git\cmd;C:\ProgramData\chocolatey\bin;C:\Program Files\nodejs\;D:\PuTTY\;D:\MATLAB2019\runtime\win64;D:\MATLAB2019\bin;C:\Program Files\Cloudflare\Cloudflare WARP\;C:\Users\ASUS\AppData\Local\Programs\Python\Python310\Scripts\;C:\Users\ASUS\AppData\Local\Programs\Python\Python310\;C:\Users\ASUS\AppData\Local\Microsoft\WindowsApps;C:\Users\ASUS\AppData\Local\Programs\Microsoft VS Code\bin;C:\Users\ASUS\AppData\Local\GitHubDesktop\bin;C:\Users\ASUS\AppData\Roaming\npm;C:\src\flutter\bin;C:\Users\ASUS\Anaconda3\;C:\Users\ASUS\Anaconda3\Scripts;C:\Program Files\InfluxData\telegraf;C:\Program Files\InfluxData\influx;C:\MinGW\bin;C:\Users\ASUS\AppData\Local\Pub\Cache\bin;;.]
06-Mar-2024 21:23:33.386 INFO [main] org.apache.coyote.AbstractProtocol.init Initializing ProtocolHandler ["http-nio-9999"]
06-Mar-2024 21:23:33.459 INFO [main] org.apache.catalina.startup.Catalina.load Server initialization in [899] milliseconds
06-Mar-2024 21:23:33.570 INFO [main] org.apache.catalina.core.StandardService.startInternal Starting service [Catalina]
06-Mar-2024 21:23:33.570 INFO [main] org.apache.catalina.core.StandardEngine.startInternal Starting Servlet engine: [Apache Tomcat/10.1.19]
06-Mar-2024 21:23:33.588 INFO [main] org.apache.catalina.startup.HostConfig.deployDirectory Deploying web application directory [D:\myWebProject\tomcat\webapps\docs]
06-Mar-2024 21:23:35.368 INFO [main] org.apache.jasper.servlet.TldScanner.scanJars At least one JAR was scanned for TLDs yet contained no TLDs. Enable debug logging for this logger for a complete list of JARs that were scanned but no TLDs were found in them. Skipping unneeded JARs during scanning can improve startup time and JSP compilation time.
06-Mar-2024 21:23:35.559 WARNING [main] org.apache.catalina.util.SessionIdGeneratorBase.createSecureRandom Creation of SecureRandom instance for session ID generation using [SHA1PRNG] took [135] milliseconds.
06-Mar-2024 21:23:35.619 INFO [main] org.apache.catalina.startup.HostConfig.deployDirectory Deployment of web application directory [D:\myWebProject\tomcat\webapps\docs] has finished in [2,031] ms
06-Mar-2024 21:23:35.625 INFO [main] org.apache.catalina.startup.HostConfig.deployDirectory Deploying web application directory [D:\myWebProject\tomcat\webapps\examples]
06-Mar-2024 21:23:37.401 INFO [main] org.apache.jasper.servlet.TldScanner.scanJars At least one JAR was scanned for TLDs yet contained no TLDs. Enable debug logging for this logger for a complete list of JARs that were scanned but no TLDs were found in them. Skipping unneeded JARs during scanning can improve startup time and JSP compilation time.
06-Mar-2024 21:23:37.522 INFO [main] org.apache.catalina.startup.HostConfig.deployDirectory Deployment of web application directory [D:\myWebProject\tomcat\webapps\examples] has finished in [1,903] ms
06-Mar-2024 21:23:37.523 INFO [main] org.apache.catalina.startup.HostConfig.deployDirectory Deploying web application directory [D:\myWebProject\tomcat\webapps\host-manager]
06-Mar-2024 21:23:38.239 INFO [main] org.apache.jasper.servlet.TldScanner.scanJars At least one JAR was scanned for TLDs yet contained no TLDs. Enable debug logging for this logger for a complete list of JARs that were scanned but no TLDs were found in them. Skipping unneeded JARs during scanning can improve startup time and JSP compilation time.
06-Mar-2024 21:23:38.262 INFO [main] org.apache.catalina.startup.HostConfig.deployDirectory Deployment of web application directory [D:\myWebProject\tomcat\webapps\host-manager] has finished in [740] ms
06-Mar-2024 21:23:38.263 INFO [main] org.apache.catalina.startup.HostConfig.deployDirectory Deploying web application directory [D:\myWebProject\tomcat\webapps\manager]
06-Mar-2024 21:23:39.048 INFO [main] org.apache.jasper.servlet.TldScanner.scanJars At least one JAR was scanned for TLDs yet contained no TLDs. Enable debug logging for this logger for a complete list of JARs that were scanned but no TLDs were found in them. Skipping unneeded JARs during scanning can improve startup time and JSP compilation time.
06-Mar-2024 21:23:39.055 INFO [main] org.apache.catalina.startup.HostConfig.deployDirectory Deployment of web application directory [D:\myWebProject\tomcat\webapps\manager] has finished in [792] ms
06-Mar-2024 21:23:39.055 INFO [main] org.apache.catalina.startup.HostConfig.deployDirectory Deploying web application directory [D:\myWebProject\tomcat\webapps\ROOT]
06-Mar-2024 21:23:39.924 INFO [main] org.apache.jasper.servlet.TldScanner.scanJars At least one JAR was scanned for TLDs yet contained no TLDs. Enable debug logging for this logger for a complete list of JARs that were scanned but no TLDs were found in them. Skipping unneeded JARs during scanning can improve startup time and JSP compilation time.
06-Mar-2024 21:23:39.930 INFO [main] org.apache.catalina.startup.HostConfig.deployDirectory Deployment of web application directory [D:\myWebProject\tomcat\webapps\ROOT] has finished in [875] ms
06-Mar-2024 21:23:39.930 INFO [main] org.apache.catalina.startup.HostConfig.deployDirectory Deploying web application directory [D:\myWebProject\tomcat\webapps\solely]
06-Mar-2024 21:23:40.573 INFO [main] org.apache.jasper.servlet.TldScanner.scanJars At least one JAR was scanned for TLDs yet contained no TLDs. Enable debug logging for this logger for a complete list of JARs that were scanned but no TLDs were found in them. Skipping unneeded JARs during scanning can improve startup time and JSP compilation time.
06-Mar-2024 21:23:40.585 INFO [main] org.apache.catalina.startup.HostConfig.deployDirectory Deployment of web application directory [D:\myWebProject\tomcat\webapps\solely] has finished in [649] ms
06-Mar-2024 21:23:40.585 INFO [main] org.apache.coyote.AbstractProtocol.start Starting ProtocolHandler ["http-nio-9999"]
06-Mar-2024 21:23:40.674 INFO [main] org.apache.catalina.startup.Catalina.start Server startup in [7209] milliseconds
06-Mar-2024 21:24:20.665 INFO [Catalina-utility-2] org.apache.catalina.core.StandardContext.reload Reloading Context with name [/solely] has started
06-Mar-2024 21:24:21.268 INFO [Catalina-utility-2] org.apache.jasper.servlet.TldScanner.scanJars At least one JAR was scanned for TLDs yet contained no TLDs. Enable debug logging for this logger for a complete list of JARs that were scanned but no TLDs were found in them. Skipping unneeded JARs during scanning can improve startup time and JSP compilation time.
06-Mar-2024 21:24:21.273 INFO [Catalina-utility-2] org.apache.catalina.core.StandardContext.reload Reloading Context with name [/solely] is completed
06-Mar-2024 21:30:42.136 INFO [Catalina-utility-1] org.apache.catalina.core.StandardContext.reload Reloading Context with name [/solely] has started
06-Mar-2024 21:30:42.601 INFO [Catalina-utility-1] org.apache.jasper.servlet.TldScanner.scanJars At least one JAR was scanned for TLDs yet contained no TLDs. Enable debug logging for this logger for a complete list of JARs that were scanned but no TLDs were found in them. Skipping unneeded JARs during scanning can improve startup time and JSP compilation time.
06-Mar-2024 21:30:42.603 INFO [Catalina-utility-1] org.apache.catalina.core.StandardContext.reload Reloading Context with name [/solely] is completed
06-Mar-2024 21:34:33.205 INFO [Catalina-utility-1] org.apache.catalina.core.StandardContext.reload Reloading Context with name [/solely] has started
06-Mar-2024 21:34:33.762 INFO [Catalina-utility-1] org.apache.jasper.servlet.TldScanner.scanJars At least one JAR was scanned for TLDs yet contained no TLDs. Enable debug logging for this logger for a complete list of JARs that were scanned but no TLDs were found in them. Skipping unneeded JARs during scanning can improve startup time and JSP compilation time.
06-Mar-2024 21:34:33.768 INFO [Catalina-utility-1] org.apache.catalina.core.StandardContext.reload Reloading Context with name [/solely] is completed
06-Mar-2024 21:35:23.929 INFO [Catalina-utility-1] org.apache.catalina.core.StandardContext.reload Reloading Context with name [/solely] has started
06-Mar-2024 21:35:24.751 INFO [Catalina-utility-1] org.apache.jasper.servlet.TldScanner.scanJars At least one JAR was scanned for TLDs yet contained no TLDs. Enable debug logging for this logger for a complete list of JARs that were scanned but no TLDs were found in them. Skipping unneeded JARs during scanning can improve startup time and JSP compilation time.
06-Mar-2024 21:35:24.754 INFO [Catalina-utility-1] org.apache.catalina.core.StandardContext.reload Reloading Context with name [/solely] is completed
06-Mar-2024 23:07:40.179 INFO [Catalina-utility-2] org.apache.catalina.core.StandardContext.reload Reloading Context with name [/solely] has started
06-Mar-2024 23:07:41.081 INFO [Catalina-utility-2] org.apache.jasper.servlet.TldScanner.scanJars At least one JAR was scanned for TLDs yet contained no TLDs. Enable debug logging for this logger for a complete list of JARs that were scanned but no TLDs were found in them. Skipping unneeded JARs during scanning can improve startup time and JSP compilation time.
06-Mar-2024 23:07:41.091 INFO [Catalina-utility-2] org.apache.catalina.core.StandardContext.reload Reloading Context with name [/solely] is completed
06-Mar-2024 23:07:44.715 INFO [main] org.apache.catalina.core.StandardServer.await A valid shutdown command was received via the shutdown port. Stopping the Server instance.
06-Mar-2024 23:07:44.715 INFO [main] org.apache.coyote.AbstractProtocol.pause Pausing ProtocolHandler ["http-nio-9999"]
06-Mar-2024 23:07:44.749 INFO [main] org.apache.catalina.core.StandardService.stopInternal Stopping service [Catalina]
06-Mar-2024 23:07:44.789 INFO [main] org.apache.coyote.AbstractProtocol.stop Stopping ProtocolHandler ["http-nio-9999"]
06-Mar-2024 23:07:44.810 INFO [main] org.apache.coyote.AbstractProtocol.destroy Destroying ProtocolHandler ["http-nio-9999"]
06-Mar-2024 23:07:48.945 INFO [main] org.apache.catalina.startup.VersionLoggerListener.log Server version name:   Apache Tomcat/10.1.19
06-Mar-2024 23:07:48.954 INFO [main] org.apache.catalina.startup.VersionLoggerListener.log Server built:          Feb 14 2024 19:36:50 UTC
06-Mar-2024 23:07:48.955 INFO [main] org.apache.catalina.startup.VersionLoggerListener.log Server version number: 10.1.19.0
06-Mar-2024 23:07:48.955 INFO [main] org.apache.catalina.startup.VersionLoggerListener.log OS Name:               Windows 11
06-Mar-2024 23:07:48.956 INFO [main] org.apache.catalina.startup.VersionLoggerListener.log OS Version:            10.0
06-Mar-2024 23:07:48.956 INFO [main] org.apache.catalina.startup.VersionLoggerListener.log Architecture:          amd64
06-Mar-2024 23:07:48.956 INFO [main] org.apache.catalina.startup.VersionLoggerListener.log Java Home:             C:\Program Files\Java\jdk-17.0.2
06-Mar-2024 23:07:48.956 INFO [main] org.apache.catalina.startup.VersionLoggerListener.log JVM Version:           17.0.2+8-LTS-86
06-Mar-2024 23:07:48.956 INFO [main] org.apache.catalina.startup.VersionLoggerListener.log JVM Vendor:            Oracle Corporation
06-Mar-2024 23:07:48.956 INFO [main] org.apache.catalina.startup.VersionLoggerListener.log CATALINA_BASE:         D:\myWebProject\tomcat
06-Mar-2024 23:07:48.956 INFO [main] org.apache.catalina.startup.VersionLoggerListener.log CATALINA_HOME:         D:\myWebProject\tomcat
06-Mar-2024 23:07:48.984 INFO [main] org.apache.catalina.startup.VersionLoggerListener.log Command line argument: -Djava.util.logging.config.file=D:\myWebProject\tomcat\conf\logging.properties
06-Mar-2024 23:07:48.984 INFO [main] org.apache.catalina.startup.VersionLoggerListener.log Command line argument: -Djava.util.logging.manager=org.apache.juli.ClassLoaderLogManager
06-Mar-2024 23:07:48.984 INFO [main] org.apache.catalina.startup.VersionLoggerListener.log Command line argument: -Djdk.tls.ephemeralDHKeySize=2048
06-Mar-2024 23:07:48.984 INFO [main] org.apache.catalina.startup.VersionLoggerListener.log Command line argument: -Djava.protocol.handler.pkgs=org.apache.catalina.webresources
06-Mar-2024 23:07:48.984 INFO [main] org.apache.catalina.startup.VersionLoggerListener.log Command line argument: --add-opens=java.base/java.lang=ALL-UNNAMED
06-Mar-2024 23:07:48.984 INFO [main] org.apache.catalina.startup.VersionLoggerListener.log Command line argument: --add-opens=java.base/java.io=ALL-UNNAMED
06-Mar-2024 23:07:48.984 INFO [main] org.apache.catalina.startup.VersionLoggerListener.log Command line argument: --add-opens=java.base/java.util=ALL-UNNAMED
06-Mar-2024 23:07:48.984 INFO [main] org.apache.catalina.startup.VersionLoggerListener.log Command line argument: --add-opens=java.base/java.util.concurrent=ALL-UNNAMED
06-Mar-2024 23:07:48.984 INFO [main] org.apache.catalina.startup.VersionLoggerListener.log Command line argument: --add-opens=java.rmi/sun.rmi.transport=ALL-UNNAMED
06-Mar-2024 23:07:48.984 INFO [main] org.apache.catalina.startup.VersionLoggerListener.log Command line argument: -Dcatalina.base=D:\myWebProject\tomcat
06-Mar-2024 23:07:48.984 INFO [main] org.apache.catalina.startup.VersionLoggerListener.log Command line argument: -Dcatalina.home=D:\myWebProject\tomcat
06-Mar-2024 23:07:48.984 INFO [main] org.apache.catalina.startup.VersionLoggerListener.log Command line argument: -Djava.io.tmpdir=D:\myWebProject\tomcat\temp
06-Mar-2024 23:07:49.004 INFO [main] org.apache.catalina.core.AprLifecycleListener.lifecycleEvent The Apache Tomcat Native library which allows using OpenSSL was not found on the java.library.path: [C:\Program Files\Java\jdk-17.0.2\bin;C:\WINDOWS\Sun\Java\bin;C:\WINDOWS\system32;C:\WINDOWS;C:\Program Files\Common Files\Oracle\Java\javapath;C:\Python39\Scripts\;C:\Python39\;C:\WINDOWS\system32;C:\WINDOWS;C:\WINDOWS\System32\Wbem;C:\WINDOWS\System32\WindowsPowerShell\v1.0\;C:\WINDOWS\System32\OpenSSH\;C:\Program Files\Intel\WiFi\bin\;C:\Program Files\Common Files\Intel\WirelessCommon\;C:\Program Files\dotnet\;C:\Program Files\Git\cmd;C:\ProgramData\chocolatey\bin;C:\Program Files\nodejs\;D:\PuTTY\;D:\MATLAB2019\runtime\win64;D:\MATLAB2019\bin;C:\Program Files\Cloudflare\Cloudflare WARP\;C:\Users\ASUS\AppData\Local\Programs\Python\Python310\Scripts\;C:\Users\ASUS\AppData\Local\Programs\Python\Python310\;C:\Users\ASUS\AppData\Local\Microsoft\WindowsApps;C:\Users\ASUS\AppData\Local\Programs\Microsoft VS Code\bin;C:\Users\ASUS\AppData\Local\GitHubDesktop\bin;C:\Users\ASUS\AppData\Roaming\npm;C:\src\flutter\bin;C:\Users\ASUS\Anaconda3\;C:\Users\ASUS\Anaconda3\Scripts;C:\Program Files\InfluxData\telegraf;C:\Program Files\InfluxData\influx;C:\MinGW\bin;C:\Users\ASUS\AppData\Local\Pub\Cache\bin;;.]
06-Mar-2024 23:07:49.405 INFO [main] org.apache.coyote.AbstractProtocol.init Initializing ProtocolHandler ["http-nio-9999"]
06-Mar-2024 23:07:49.446 INFO [main] org.apache.catalina.startup.Catalina.load Server initialization in [776] milliseconds
06-Mar-2024 23:07:49.548 INFO [main] org.apache.catalina.core.StandardService.startInternal Starting service [Catalina]
06-Mar-2024 23:07:49.548 INFO [main] org.apache.catalina.core.StandardEngine.startInternal Starting Servlet engine: [Apache Tomcat/10.1.19]
06-Mar-2024 23:07:49.568 INFO [main] org.apache.catalina.startup.HostConfig.deployDirectory Deploying web application directory [D:\myWebProject\tomcat\webapps\docs]
06-Mar-2024 23:07:51.049 INFO [main] org.apache.jasper.servlet.TldScanner.scanJars At least one JAR was scanned for TLDs yet contained no TLDs. Enable debug logging for this logger for a complete list of JARs that were scanned but no TLDs were found in them. Skipping unneeded JARs during scanning can improve startup time and JSP compilation time.
06-Mar-2024 23:07:51.206 WARNING [main] org.apache.catalina.util.SessionIdGeneratorBase.createSecureRandom Creation of SecureRandom instance for session ID generation using [SHA1PRNG] took [101] milliseconds.
06-Mar-2024 23:07:51.257 INFO [main] org.apache.catalina.startup.HostConfig.deployDirectory Deployment of web application directory [D:\myWebProject\tomcat\webapps\docs] has finished in [1,689] ms
06-Mar-2024 23:07:51.258 INFO [main] org.apache.catalina.startup.HostConfig.deployDirectory Deploying web application directory [D:\myWebProject\tomcat\webapps\examples]
06-Mar-2024 23:07:52.297 INFO [main] org.apache.jasper.servlet.TldScanner.scanJars At least one JAR was scanned for TLDs yet contained no TLDs. Enable debug logging for this logger for a complete list of JARs that were scanned but no TLDs were found in them. Skipping unneeded JARs during scanning can improve startup time and JSP compilation time.
06-Mar-2024 23:07:52.389 INFO [main] org.apache.catalina.startup.HostConfig.deployDirectory Deployment of web application directory [D:\myWebProject\tomcat\webapps\examples] has finished in [1,131] ms
06-Mar-2024 23:07:52.389 INFO [main] org.apache.catalina.startup.HostConfig.deployDirectory Deploying web application directory [D:\myWebProject\tomcat\webapps\host-manager]
06-Mar-2024 23:07:53.044 INFO [main] org.apache.jasper.servlet.TldScanner.scanJars At least one JAR was scanned for TLDs yet contained no TLDs. Enable debug logging for this logger for a complete list of JARs that were scanned but no TLDs were found in them. Skipping unneeded JARs during scanning can improve startup time and JSP compilation time.
06-Mar-2024 23:07:53.063 INFO [main] org.apache.catalina.startup.HostConfig.deployDirectory Deployment of web application directory [D:\myWebProject\tomcat\webapps\host-manager] has finished in [674] ms
06-Mar-2024 23:07:53.063 INFO [main] org.apache.catalina.startup.HostConfig.deployDirectory Deploying web application directory [D:\myWebProject\tomcat\webapps\manager]
06-Mar-2024 23:07:53.666 INFO [main] org.apache.jasper.servlet.TldScanner.scanJars At least one JAR was scanned for TLDs yet contained no TLDs. Enable debug logging for this logger for a complete list of JARs that were scanned but no TLDs were found in them. Skipping unneeded JARs during scanning can improve startup time and JSP compilation time.
06-Mar-2024 23:07:53.669 INFO [main] org.apache.catalina.startup.HostConfig.deployDirectory Deployment of web application directory [D:\myWebProject\tomcat\webapps\manager] has finished in [606] ms
06-Mar-2024 23:07:53.669 INFO [main] org.apache.catalina.startup.HostConfig.deployDirectory Deploying web application directory [D:\myWebProject\tomcat\webapps\ROOT]
06-Mar-2024 23:07:54.150 INFO [main] org.apache.jasper.servlet.TldScanner.scanJars At least one JAR was scanned for TLDs yet contained no TLDs. Enable debug logging for this logger for a complete list of JARs that were scanned but no TLDs were found in them. Skipping unneeded JARs during scanning can improve startup time and JSP compilation time.
06-Mar-2024 23:07:54.150 INFO [main] org.apache.catalina.startup.HostConfig.deployDirectory Deployment of web application directory [D:\myWebProject\tomcat\webapps\ROOT] has finished in [481] ms
06-Mar-2024 23:07:54.150 INFO [main] org.apache.catalina.startup.HostConfig.deployDirectory Deploying web application directory [D:\myWebProject\tomcat\webapps\solely]
06-Mar-2024 23:07:54.735 INFO [main] org.apache.jasper.servlet.TldScanner.scanJars At least one JAR was scanned for TLDs yet contained no TLDs. Enable debug logging for this logger for a complete list of JARs that were scanned but no TLDs were found in them. Skipping unneeded JARs during scanning can improve startup time and JSP compilation time.
06-Mar-2024 23:07:54.746 INFO [main] org.apache.catalina.startup.HostConfig.deployDirectory Deployment of web application directory [D:\myWebProject\tomcat\webapps\solely] has finished in [596] ms
06-Mar-2024 23:07:54.746 INFO [main] org.apache.coyote.AbstractProtocol.start Starting ProtocolHandler ["http-nio-9999"]
06-Mar-2024 23:07:54.866 INFO [main] org.apache.catalina.startup.Catalina.start Server startup in [5413] milliseconds
06-Mar-2024 23:48:49.288 INFO [main] org.apache.catalina.core.StandardServer.await A valid shutdown command was received via the shutdown port. Stopping the Server instance.
06-Mar-2024 23:48:49.318 INFO [main] org.apache.coyote.AbstractProtocol.pause Pausing ProtocolHandler ["http-nio-9999"]
06-Mar-2024 23:48:49.369 INFO [main] org.apache.catalina.core.StandardService.stopInternal Stopping service [Catalina]
06-Mar-2024 23:48:49.472 INFO [main] org.apache.coyote.AbstractProtocol.stop Stopping ProtocolHandler ["http-nio-9999"]
06-Mar-2024 23:48:49.492 INFO [main] org.apache.coyote.AbstractProtocol.destroy Destroying ProtocolHandler ["http-nio-9999"]
06-Mar-2024 23:48:53.024 INFO [main] org.apache.catalina.startup.VersionLoggerListener.log Server version name:   Apache Tomcat/10.1.19
06-Mar-2024 23:48:53.033 INFO [main] org.apache.catalina.startup.VersionLoggerListener.log Server built:          Feb 14 2024 19:36:50 UTC
06-Mar-2024 23:48:53.034 INFO [main] org.apache.catalina.startup.VersionLoggerListener.log Server version number: 10.1.19.0
06-Mar-2024 23:48:53.034 INFO [main] org.apache.catalina.startup.VersionLoggerListener.log OS Name:               Windows 11
06-Mar-2024 23:48:53.034 INFO [main] org.apache.catalina.startup.VersionLoggerListener.log OS Version:            10.0
06-Mar-2024 23:48:53.036 INFO [main] org.apache.catalina.startup.VersionLoggerListener.log Architecture:          amd64
06-Mar-2024 23:48:53.036 INFO [main] org.apache.catalina.startup.VersionLoggerListener.log Java Home:             C:\Program Files\Java\jdk-17.0.2
06-Mar-2024 23:48:53.036 INFO [main] org.apache.catalina.startup.VersionLoggerListener.log JVM Version:           17.0.2+8-LTS-86
06-Mar-2024 23:48:53.036 INFO [main] org.apache.catalina.startup.VersionLoggerListener.log JVM Vendor:            Oracle Corporation
06-Mar-2024 23:48:53.037 INFO [main] org.apache.catalina.startup.VersionLoggerListener.log CATALINA_BASE:         D:\myWebProject\tomcat
06-Mar-2024 23:48:53.037 INFO [main] org.apache.catalina.startup.VersionLoggerListener.log CATALINA_HOME:         D:\myWebProject\tomcat
06-Mar-2024 23:48:53.061 INFO [main] org.apache.catalina.startup.VersionLoggerListener.log Command line argument: -Djava.util.logging.config.file=D:\myWebProject\tomcat\conf\logging.properties
06-Mar-2024 23:48:53.061 INFO [main] org.apache.catalina.startup.VersionLoggerListener.log Command line argument: -Djava.util.logging.manager=org.apache.juli.ClassLoaderLogManager
06-Mar-2024 23:48:53.063 INFO [main] org.apache.catalina.startup.VersionLoggerListener.log Command line argument: -Djdk.tls.ephemeralDHKeySize=2048
06-Mar-2024 23:48:53.064 INFO [main] org.apache.catalina.startup.VersionLoggerListener.log Command line argument: -Djava.protocol.handler.pkgs=org.apache.catalina.webresources
06-Mar-2024 23:48:53.065 INFO [main] org.apache.catalina.startup.VersionLoggerListener.log Command line argument: --add-opens=java.base/java.lang=ALL-UNNAMED
06-Mar-2024 23:48:53.066 INFO [main] org.apache.catalina.startup.VersionLoggerListener.log Command line argument: --add-opens=java.base/java.io=ALL-UNNAMED
06-Mar-2024 23:48:53.066 INFO [main] org.apache.catalina.startup.VersionLoggerListener.log Command line argument: --add-opens=java.base/java.util=ALL-UNNAMED
06-Mar-2024 23:48:53.067 INFO [main] org.apache.catalina.startup.VersionLoggerListener.log Command line argument: --add-opens=java.base/java.util.concurrent=ALL-UNNAMED
06-Mar-2024 23:48:53.067 INFO [main] org.apache.catalina.startup.VersionLoggerListener.log Command line argument: --add-opens=java.rmi/sun.rmi.transport=ALL-UNNAMED
06-Mar-2024 23:48:53.068 INFO [main] org.apache.catalina.startup.VersionLoggerListener.log Command line argument: -Dcatalina.base=D:\myWebProject\tomcat
06-Mar-2024 23:48:53.068 INFO [main] org.apache.catalina.startup.VersionLoggerListener.log Command line argument: -Dcatalina.home=D:\myWebProject\tomcat
06-Mar-2024 23:48:53.069 INFO [main] org.apache.catalina.startup.VersionLoggerListener.log Command line argument: -Djava.io.tmpdir=D:\myWebProject\tomcat\temp
06-Mar-2024 23:48:53.105 INFO [main] org.apache.catalina.core.AprLifecycleListener.lifecycleEvent The Apache Tomcat Native library which allows using OpenSSL was not found on the java.library.path: [C:\Program Files\Java\jdk-17.0.2\bin;C:\WINDOWS\Sun\Java\bin;C:\WINDOWS\system32;C:\WINDOWS;C:\Program Files\Common Files\Oracle\Java\javapath;C:\Python39\Scripts\;C:\Python39\;C:\WINDOWS\system32;C:\WINDOWS;C:\WINDOWS\System32\Wbem;C:\WINDOWS\System32\WindowsPowerShell\v1.0\;C:\WINDOWS\System32\OpenSSH\;C:\Program Files\Intel\WiFi\bin\;C:\Program Files\Common Files\Intel\WirelessCommon\;C:\Program Files\dotnet\;C:\Program Files\Git\cmd;C:\ProgramData\chocolatey\bin;C:\Program Files\nodejs\;D:\PuTTY\;D:\MATLAB2019\runtime\win64;D:\MATLAB2019\bin;C:\Program Files\Cloudflare\Cloudflare WARP\;C:\Users\ASUS\AppData\Local\Programs\Python\Python310\Scripts\;C:\Users\ASUS\AppData\Local\Programs\Python\Python310\;C:\Users\ASUS\AppData\Local\Microsoft\WindowsApps;C:\Users\ASUS\AppData\Local\Programs\Microsoft VS Code\bin;C:\Users\ASUS\AppData\Local\GitHubDesktop\bin;C:\Users\ASUS\AppData\Roaming\npm;C:\src\flutter\bin;C:\Users\ASUS\Anaconda3\;C:\Users\ASUS\Anaconda3\Scripts;C:\Program Files\InfluxData\telegraf;C:\Program Files\InfluxData\influx;C:\MinGW\bin;C:\Users\ASUS\AppData\Local\Pub\Cache\bin;;.]
06-Mar-2024 23:48:53.897 INFO [main] org.apache.coyote.AbstractProtocol.init Initializing ProtocolHandler ["http-nio-9999"]
06-Mar-2024 23:48:53.959 INFO [main] org.apache.catalina.startup.Catalina.load Server initialization in [1340] milliseconds
06-Mar-2024 23:48:54.041 INFO [main] org.apache.catalina.core.StandardService.startInternal Starting service [Catalina]
06-Mar-2024 23:48:54.051 INFO [main] org.apache.catalina.core.StandardEngine.startInternal Starting Servlet engine: [Apache Tomcat/10.1.19]
06-Mar-2024 23:48:54.061 INFO [main] org.apache.catalina.startup.HostConfig.deployDirectory Deploying web application directory [D:\myWebProject\tomcat\webapps\docs]
06-Mar-2024 23:48:55.246 INFO [main] org.apache.jasper.servlet.TldScanner.scanJars At least one JAR was scanned for TLDs yet contained no TLDs. Enable debug logging for this logger for a complete list of JARs that were scanned but no TLDs were found in them. Skipping unneeded JARs during scanning can improve startup time and JSP compilation time.
06-Mar-2024 23:48:55.398 INFO [main] org.apache.catalina.startup.HostConfig.deployDirectory Deployment of web application directory [D:\myWebProject\tomcat\webapps\docs] has finished in [1,337] ms
06-Mar-2024 23:48:55.398 INFO [main] org.apache.catalina.startup.HostConfig.deployDirectory Deploying web application directory [D:\myWebProject\tomcat\webapps\examples]
06-Mar-2024 23:48:56.406 INFO [main] org.apache.jasper.servlet.TldScanner.scanJars At least one JAR was scanned for TLDs yet contained no TLDs. Enable debug logging for this logger for a complete list of JARs that were scanned but no TLDs were found in them. Skipping unneeded JARs during scanning can improve startup time and JSP compilation time.
06-Mar-2024 23:48:56.494 INFO [main] org.apache.catalina.startup.HostConfig.deployDirectory Deployment of web application directory [D:\myWebProject\tomcat\webapps\examples] has finished in [1,096] ms
06-Mar-2024 23:48:56.495 INFO [main] org.apache.catalina.startup.HostConfig.deployDirectory Deploying web application directory [D:\myWebProject\tomcat\webapps\host-manager]
06-Mar-2024 23:48:57.100 INFO [main] org.apache.jasper.servlet.TldScanner.scanJars At least one JAR was scanned for TLDs yet contained no TLDs. Enable debug logging for this logger for a complete list of JARs that were scanned but no TLDs were found in them. Skipping unneeded JARs during scanning can improve startup time and JSP compilation time.
06-Mar-2024 23:48:57.110 INFO [main] org.apache.catalina.startup.HostConfig.deployDirectory Deployment of web application directory [D:\myWebProject\tomcat\webapps\host-manager] has finished in [608] ms
06-Mar-2024 23:48:57.110 INFO [main] org.apache.catalina.startup.HostConfig.deployDirectory Deploying web application directory [D:\myWebProject\tomcat\webapps\manager]
06-Mar-2024 23:48:57.893 INFO [main] org.apache.jasper.servlet.TldScanner.scanJars At least one JAR was scanned for TLDs yet contained no TLDs. Enable debug logging for this logger for a complete list of JARs that were scanned but no TLDs were found in them. Skipping unneeded JARs during scanning can improve startup time and JSP compilation time.
06-Mar-2024 23:48:57.903 INFO [main] org.apache.catalina.startup.HostConfig.deployDirectory Deployment of web application directory [D:\myWebProject\tomcat\webapps\manager] has finished in [793] ms
06-Mar-2024 23:48:57.903 INFO [main] org.apache.catalina.startup.HostConfig.deployDirectory Deploying web application directory [D:\myWebProject\tomcat\webapps\ROOT]
06-Mar-2024 23:48:59.050 INFO [main] org.apache.jasper.servlet.TldScanner.scanJars At least one JAR was scanned for TLDs yet contained no TLDs. Enable debug logging for this logger for a complete list of JARs that were scanned but no TLDs were found in them. Skipping unneeded JARs during scanning can improve startup time and JSP compilation time.
06-Mar-2024 23:48:59.061 INFO [main] org.apache.catalina.startup.HostConfig.deployDirectory Deployment of web application directory [D:\myWebProject\tomcat\webapps\ROOT] has finished in [1,157] ms
06-Mar-2024 23:48:59.061 INFO [main] org.apache.catalina.startup.HostConfig.deployDirectory Deploying web application directory [D:\myWebProject\tomcat\webapps\solely]
06-Mar-2024 23:48:59.718 INFO [main] org.apache.jasper.servlet.TldScanner.scanJars At least one JAR was scanned for TLDs yet contained no TLDs. Enable debug logging for this logger for a complete list of JARs that were scanned but no TLDs were found in them. Skipping unneeded JARs during scanning can improve startup time and JSP compilation time.
06-Mar-2024 23:48:59.738 INFO [main] org.apache.catalina.startup.HostConfig.deployDirectory Deployment of web application directory [D:\myWebProject\tomcat\webapps\solely] has finished in [676] ms
06-Mar-2024 23:48:59.738 INFO [main] org.apache.coyote.AbstractProtocol.start Starting ProtocolHandler ["http-nio-9999"]
06-Mar-2024 23:48:59.850 INFO [main] org.apache.catalina.startup.Catalina.start Server startup in [5887] milliseconds
