08-Mar-2024 22:48:14.963 INFO [main] org.apache.catalina.startup.VersionLoggerListener.log Server version name:   Apache Tomcat/10.1.19
08-Mar-2024 22:48:14.982 INFO [main] org.apache.catalina.startup.VersionLoggerListener.log Server built:          Feb 14 2024 19:36:50 UTC
08-Mar-2024 22:48:15.009 INFO [main] org.apache.catalina.startup.VersionLoggerListener.log Server version number: 10.1.19.0
08-Mar-2024 22:48:15.011 INFO [main] org.apache.catalina.startup.VersionLoggerListener.log OS Name:               Windows 11
08-Mar-2024 22:48:15.012 INFO [main] org.apache.catalina.startup.VersionLoggerListener.log OS Version:            10.0
08-Mar-2024 22:48:15.013 INFO [main] org.apache.catalina.startup.VersionLoggerListener.log Architecture:          amd64
08-Mar-2024 22:48:15.013 INFO [main] org.apache.catalina.startup.VersionLoggerListener.log Java Home:             C:\Program Files\Java\jdk-17.0.2
08-Mar-2024 22:48:15.014 INFO [main] org.apache.catalina.startup.VersionLoggerListener.log JVM Version:           17.0.2+8-LTS-86
08-Mar-2024 22:48:15.014 INFO [main] org.apache.catalina.startup.VersionLoggerListener.log JVM Vendor:            Oracle Corporation
08-Mar-2024 22:48:15.014 INFO [main] org.apache.catalina.startup.VersionLoggerListener.log CATALINA_BASE:         D:\myWebProject\tomcat
08-Mar-2024 22:48:15.014 INFO [main] org.apache.catalina.startup.VersionLoggerListener.log CATALINA_HOME:         D:\myWebProject\tomcat
08-Mar-2024 22:48:15.061 INFO [main] org.apache.catalina.startup.VersionLoggerListener.log Command line argument: -Djava.util.logging.config.file=D:\myWebProject\tomcat\conf\logging.properties
08-Mar-2024 22:48:15.061 INFO [main] org.apache.catalina.startup.VersionLoggerListener.log Command line argument: -Djava.util.logging.manager=org.apache.juli.ClassLoaderLogManager
08-Mar-2024 22:48:15.061 INFO [main] org.apache.catalina.startup.VersionLoggerListener.log Command line argument: -Djdk.tls.ephemeralDHKeySize=2048
08-Mar-2024 22:48:15.062 INFO [main] org.apache.catalina.startup.VersionLoggerListener.log Command line argument: -Djava.protocol.handler.pkgs=org.apache.catalina.webresources
08-Mar-2024 22:48:15.062 INFO [main] org.apache.catalina.startup.VersionLoggerListener.log Command line argument: --add-opens=java.base/java.lang=ALL-UNNAMED
08-Mar-2024 22:48:15.063 INFO [main] org.apache.catalina.startup.VersionLoggerListener.log Command line argument: --add-opens=java.base/java.io=ALL-UNNAMED
08-Mar-2024 22:48:15.063 INFO [main] org.apache.catalina.startup.VersionLoggerListener.log Command line argument: --add-opens=java.base/java.util=ALL-UNNAMED
08-Mar-2024 22:48:15.064 INFO [main] org.apache.catalina.startup.VersionLoggerListener.log Command line argument: --add-opens=java.base/java.util.concurrent=ALL-UNNAMED
08-Mar-2024 22:48:15.064 INFO [main] org.apache.catalina.startup.VersionLoggerListener.log Command line argument: --add-opens=java.rmi/sun.rmi.transport=ALL-UNNAMED
08-Mar-2024 22:48:15.064 INFO [main] org.apache.catalina.startup.VersionLoggerListener.log Command line argument: -Dcatalina.base=D:\myWebProject\tomcat
08-Mar-2024 22:48:15.064 INFO [main] org.apache.catalina.startup.VersionLoggerListener.log Command line argument: -Dcatalina.home=D:\myWebProject\tomcat
08-Mar-2024 22:48:15.065 INFO [main] org.apache.catalina.startup.VersionLoggerListener.log Command line argument: -Djava.io.tmpdir=D:\myWebProject\tomcat\temp
08-Mar-2024 22:48:15.107 INFO [main] org.apache.catalina.core.AprLifecycleListener.lifecycleEvent The Apache Tomcat Native library which allows using OpenSSL was not found on the java.library.path: [C:\Program Files\Java\jdk-17.0.2\bin;C:\WINDOWS\Sun\Java\bin;C:\WINDOWS\system32;C:\WINDOWS;C:\Program Files\Common Files\Oracle\Java\javapath;C:\Python39\Scripts\;C:\Python39\;C:\WINDOWS\system32;C:\WINDOWS;C:\WINDOWS\System32\Wbem;C:\WINDOWS\System32\WindowsPowerShell\v1.0\;C:\WINDOWS\System32\OpenSSH\;C:\Program Files\Intel\WiFi\bin\;C:\Program Files\Common Files\Intel\WirelessCommon\;C:\Program Files\dotnet\;C:\Program Files\Git\cmd;C:\ProgramData\chocolatey\bin;C:\Program Files\nodejs\;D:\PuTTY\;D:\MATLAB2019\runtime\win64;D:\MATLAB2019\bin;C:\Program Files\Cloudflare\Cloudflare WARP\;C:\Users\ASUS\AppData\Local\Programs\Python\Python310\Scripts\;C:\Users\ASUS\AppData\Local\Programs\Python\Python310\;C:\Users\ASUS\AppData\Local\Microsoft\WindowsApps;C:\Users\ASUS\AppData\Local\Programs\Microsoft VS Code\bin;C:\Users\ASUS\AppData\Local\GitHubDesktop\bin;C:\Users\ASUS\AppData\Roaming\npm;C:\src\flutter\bin;C:\Users\ASUS\Anaconda3\;C:\Users\ASUS\Anaconda3\Scripts;C:\Program Files\InfluxData\telegraf;C:\Program Files\InfluxData\influx;C:\MinGW\bin;C:\Users\ASUS\AppData\Local\Pub\Cache\bin;;.]
08-Mar-2024 22:48:16.034 INFO [main] org.apache.coyote.AbstractProtocol.init Initializing ProtocolHandler ["http-nio-9999"]
08-Mar-2024 22:48:16.128 INFO [main] org.apache.catalina.startup.Catalina.load Server initialization in [1710] milliseconds
08-Mar-2024 22:48:16.463 INFO [main] org.apache.catalina.core.StandardService.startInternal Starting service [Catalina]
08-Mar-2024 22:48:16.464 INFO [main] org.apache.catalina.core.StandardEngine.startInternal Starting Servlet engine: [Apache Tomcat/10.1.19]
08-Mar-2024 22:48:16.509 INFO [main] org.apache.catalina.startup.HostConfig.deployDirectory Deploying web application directory [D:\myWebProject\tomcat\webapps\docs]
08-Mar-2024 22:48:20.399 INFO [main] org.apache.jasper.servlet.TldScanner.scanJars At least one JAR was scanned for TLDs yet contained no TLDs. Enable debug logging for this logger for a complete list of JARs that were scanned but no TLDs were found in them. Skipping unneeded JARs during scanning can improve startup time and JSP compilation time.
08-Mar-2024 22:48:20.639 WARNING [main] org.apache.catalina.util.SessionIdGeneratorBase.createSecureRandom Creation of SecureRandom instance for session ID generation using [SHA1PRNG] took [129] milliseconds.
08-Mar-2024 22:48:20.729 INFO [main] org.apache.catalina.startup.HostConfig.deployDirectory Deployment of web application directory [D:\myWebProject\tomcat\webapps\docs] has finished in [4,221] ms
08-Mar-2024 22:48:20.730 INFO [main] org.apache.catalina.startup.HostConfig.deployDirectory Deploying web application directory [D:\myWebProject\tomcat\webapps\examples]
08-Mar-2024 22:48:24.469 INFO [main] org.apache.jasper.servlet.TldScanner.scanJars At least one JAR was scanned for TLDs yet contained no TLDs. Enable debug logging for this logger for a complete list of JARs that were scanned but no TLDs were found in them. Skipping unneeded JARs during scanning can improve startup time and JSP compilation time.
08-Mar-2024 22:48:24.628 INFO [main] org.apache.catalina.startup.HostConfig.deployDirectory Deployment of web application directory [D:\myWebProject\tomcat\webapps\examples] has finished in [3,898] ms
08-Mar-2024 22:48:24.629 INFO [main] org.apache.catalina.startup.HostConfig.deployDirectory Deploying web application directory [D:\myWebProject\tomcat\webapps\host-manager]
08-Mar-2024 22:48:25.384 INFO [main] org.apache.jasper.servlet.TldScanner.scanJars At least one JAR was scanned for TLDs yet contained no TLDs. Enable debug logging for this logger for a complete list of JARs that were scanned but no TLDs were found in them. Skipping unneeded JARs during scanning can improve startup time and JSP compilation time.
08-Mar-2024 22:48:25.403 INFO [main] org.apache.catalina.startup.HostConfig.deployDirectory Deployment of web application directory [D:\myWebProject\tomcat\webapps\host-manager] has finished in [773] ms
08-Mar-2024 22:48:25.405 INFO [main] org.apache.catalina.startup.HostConfig.deployDirectory Deploying web application directory [D:\myWebProject\tomcat\webapps\manager]
08-Mar-2024 22:48:26.749 INFO [main] org.apache.jasper.servlet.TldScanner.scanJars At least one JAR was scanned for TLDs yet contained no TLDs. Enable debug logging for this logger for a complete list of JARs that were scanned but no TLDs were found in them. Skipping unneeded JARs during scanning can improve startup time and JSP compilation time.
08-Mar-2024 22:48:26.759 INFO [main] org.apache.catalina.startup.HostConfig.deployDirectory Deployment of web application directory [D:\myWebProject\tomcat\webapps\manager] has finished in [1,354] ms
08-Mar-2024 22:48:26.761 INFO [main] org.apache.catalina.startup.HostConfig.deployDirectory Deploying web application directory [D:\myWebProject\tomcat\webapps\ROOT]
08-Mar-2024 22:48:28.221 INFO [main] org.apache.jasper.servlet.TldScanner.scanJars At least one JAR was scanned for TLDs yet contained no TLDs. Enable debug logging for this logger for a complete list of JARs that were scanned but no TLDs were found in them. Skipping unneeded JARs during scanning can improve startup time and JSP compilation time.
08-Mar-2024 22:48:28.227 INFO [main] org.apache.catalina.startup.HostConfig.deployDirectory Deployment of web application directory [D:\myWebProject\tomcat\webapps\ROOT] has finished in [1,467] ms
08-Mar-2024 22:48:28.227 INFO [main] org.apache.catalina.startup.HostConfig.deployDirectory Deploying web application directory [D:\myWebProject\tomcat\webapps\solely]
08-Mar-2024 22:48:29.056 INFO [main] org.apache.jasper.servlet.TldScanner.scanJars At least one JAR was scanned for TLDs yet contained no TLDs. Enable debug logging for this logger for a complete list of JARs that were scanned but no TLDs were found in them. Skipping unneeded JARs during scanning can improve startup time and JSP compilation time.
08-Mar-2024 22:48:29.078 INFO [main] org.apache.catalina.startup.HostConfig.deployDirectory Deployment of web application directory [D:\myWebProject\tomcat\webapps\solely] has finished in [851] ms
08-Mar-2024 22:48:29.084 INFO [main] org.apache.coyote.AbstractProtocol.start Starting ProtocolHandler ["http-nio-9999"]
08-Mar-2024 22:48:29.279 INFO [main] org.apache.catalina.startup.Catalina.start Server startup in [13149] milliseconds
