07-Mar-2024 00:08:39.032 INFO [main] org.apache.catalina.core.ApplicationContext.log SessionListener: contextDestroyed()
07-Mar-2024 00:08:39.032 INFO [main] org.apache.catalina.core.ApplicationContext.log ContextListener: contextDestroyed()
07-Mar-2024 10:56:01.372 INFO [main] org.apache.catalina.core.ApplicationContext.log ContextListener: contextInitialized()
07-Mar-2024 10:56:01.373 INFO [main] org.apache.catalina.core.ApplicationContext.log SessionListener: contextInitialized()
07-Mar-2024 10:56:01.376 INFO [main] org.apache.catalina.core.ApplicationContext.log ContextListener: attributeAdded('StockTicker', 'async.Stockticker@12bcd0c0')
07-Mar-2024 15:09:01.386 INFO [main] org.apache.catalina.core.ApplicationContext.log SessionListener: contextDestroyed()
07-Mar-2024 15:09:01.386 INFO [main] org.apache.catalina.core.ApplicationContext.log ContextListener: contextDestroyed()
07-Mar-2024 15:09:08.305 INFO [main] org.apache.catalina.core.ApplicationContext.log ContextListener: contextInitialized()
07-Mar-2024 15:09:08.305 INFO [main] org.apache.catalina.core.ApplicationContext.log SessionListener: contextInitialized()
07-Mar-2024 15:09:08.305 INFO [main] org.apache.catalina.core.ApplicationContext.log ContextListener: attributeAdded('StockTicker', 'async.Stockticker@4879f0f2')
07-Mar-2024 15:51:19.276 INFO [main] org.apache.catalina.core.ApplicationContext.log SessionListener: contextDestroyed()
07-Mar-2024 15:51:19.276 INFO [main] org.apache.catalina.core.ApplicationContext.log ContextListener: contextDestroyed()
07-Mar-2024 15:51:30.243 INFO [main] org.apache.catalina.core.ApplicationContext.log ContextListener: contextInitialized()
07-Mar-2024 15:51:30.243 INFO [main] org.apache.catalina.core.ApplicationContext.log SessionListener: contextInitialized()
07-Mar-2024 15:51:30.243 INFO [main] org.apache.catalina.core.ApplicationContext.log ContextListener: attributeAdded('StockTicker', 'async.Stockticker@efde75f')
07-Mar-2024 16:35:32.074 INFO [main] org.apache.catalina.core.ApplicationContext.log SessionListener: contextDestroyed()
07-Mar-2024 16:35:32.074 INFO [main] org.apache.catalina.core.ApplicationContext.log ContextListener: contextDestroyed()
07-Mar-2024 16:35:43.778 INFO [main] org.apache.catalina.core.ApplicationContext.log ContextListener: contextInitialized()
07-Mar-2024 16:35:43.778 INFO [main] org.apache.catalina.core.ApplicationContext.log SessionListener: contextInitialized()
07-Mar-2024 16:35:43.778 INFO [main] org.apache.catalina.core.ApplicationContext.log ContextListener: attributeAdded('StockTicker', 'async.Stockticker@41813449')
07-Mar-2024 19:20:33.087 INFO [main] org.apache.catalina.core.ApplicationContext.log ContextListener: contextInitialized()
07-Mar-2024 19:20:33.087 INFO [main] org.apache.catalina.core.ApplicationContext.log SessionListener: contextInitialized()
07-Mar-2024 19:20:33.091 INFO [main] org.apache.catalina.core.ApplicationContext.log ContextListener: attributeAdded('StockTicker', 'async.Stockticker@10993713')
07-Mar-2024 19:20:35.779 INFO [main] org.apache.catalina.core.ApplicationContext.log SessionListener: contextDestroyed()
07-Mar-2024 19:20:35.779 INFO [main] org.apache.catalina.core.ApplicationContext.log ContextListener: contextDestroyed()
07-Mar-2024 19:20:39.323 INFO [main] org.apache.catalina.core.ApplicationContext.log SessionListener: contextDestroyed()
07-Mar-2024 19:20:39.323 INFO [main] org.apache.catalina.core.ApplicationContext.log ContextListener: contextDestroyed()
07-Mar-2024 20:26:54.403 INFO [main] org.apache.catalina.core.ApplicationContext.log ContextListener: contextInitialized()
07-Mar-2024 20:26:54.403 INFO [main] org.apache.catalina.core.ApplicationContext.log SessionListener: contextInitialized()
07-Mar-2024 20:26:54.414 INFO [main] org.apache.catalina.core.ApplicationContext.log ContextListener: attributeAdded('StockTicker', 'async.Stockticker@55b5f5d2')
